[21:20:55] [main/INFO]: Loading Minecraft 1.21.11 with Fabric Loader 0.19.3
[21:20:55] [main/INFO]: Loading 46 mods:
[21:20:55] [main/INFO]: - fabric-api 0.141.4+1.21.11
[21:20:55] [main/INFO]: |-- fabric-api-base 1.0.5+4ebb5c083e
[21:20:55] [main/INFO]: |-- fabric-api-lookup-api-v1 1.6.114+20dc27073e
[21:20:55] [main/INFO]: |-- fabric-biome-api-v1 17.1.1+4fc5413f3e
[21:20:55] [main/INFO]: |-- fabric-block-api-v1 1.1.10+4ebb5c083e
[21:20:55] [main/INFO]: |-- fabric-block-view-api-v2 1.0.39+4ebb5c083e
[21:20:55] [main/INFO]: |-- fabric-command-api-v2 2.4.7+6b42a6003e
[21:20:55] [main/INFO]: |-- fabric-content-registries-v0 10.2.14+4fc5413f3e
[21:20:55] [main/INFO]: |-- fabric-convention-tags-v1 2.1.55+7f945d5b3e
[21:20:55] [main/INFO]: |-- fabric-convention-tags-v2 2.17.3+8ef948ba3e
[21:20:55] [main/INFO]: |-- fabric-crash-report-info-v1 0.3.23+4ebb5c083e
[21:20:55] [main/INFO]: |-- fabric-data-attachment-api-v1 1.8.48+eed0806f3e
[21:20:55] [main/INFO]: |-- fabric-data-generation-api-v1 23.4.1+69974c4e3e
[21:20:55] [main/INFO]: |-- fabric-dimensions-v1 4.0.28+4fc5413f3e
[21:20:55] [main/INFO]: |-- fabric-entity-events-v1 3.1.1+1d0ab4303e
[21:20:55] [main/INFO]: |-- fabric-events-interaction-v0 4.1.1+3b89ecf63e
[21:20:55] [main/INFO]: |-- fabric-game-rule-api-v1 2.0.3+4fc5413f3e
[21:20:55] [main/INFO]: |-- fabric-item-api-v1 11.5.20+d0c46b9e3e
[21:20:55] [main/INFO]: |-- fabric-item-group-api-v1 4.2.36+4fc5413f3e
[21:20:55] [main/INFO]: |-- fabric-key-binding-api-v1 1.1.7+4fc5413f3e
[21:20:55] [main/INFO]: |-- fabric-lifecycle-events-v1 2.6.15+4ebb5c083e
[21:20:55] [main/INFO]: |-- fabric-loot-api-v2 3.0.73+3f89f5a53e
[21:20:55] [main/INFO]: |-- fabric-loot-api-v3 2.0.20+78c8b4663e
[21:20:55] [main/INFO]: |-- fabric-message-api-v1 6.1.12+4ebb5c083e
[21:20:55] [main/INFO]: |-- fabric-model-loading-api-v1 6.0.15+4fc5413f3e
[21:20:55] [main/INFO]: |-- fabric-networking-api-v1 5.1.6+6b6d71a53e
[21:20:55] [main/INFO]: |-- fabric-object-builder-api-v1 21.1.40+4fc5413f3e
[21:20:55] [main/INFO]: |-- fabric-particles-v1 4.2.12+4fc5413f3e
[21:20:55] [main/INFO]: |-- fabric-recipe-api-v1 8.2.4+4ebb5c083e
[21:20:55] [main/INFO]: |-- fabric-registry-sync-v0 6.2.6+1718722b3e
[21:20:55] [main/INFO]: |-- fabric-renderer-api-v1 8.0.3+f4ffd2e53e
[21:20:55] [main/INFO]: |-- fabric-renderer-indigo 5.0.3+f4ffd2e53e
[21:20:55] [main/INFO]: |-- fabric-rendering-fluids-v1 3.1.43+4ebb5c083e
[21:20:55] [main/INFO]: |-- fabric-rendering-v1 16.2.10+0290ad933e
[21:20:55] [main/INFO]: |-- fabric-resource-conditions-api-v1 5.0.35+4fc5413f3e
[21:20:55] [main/INFO]: |-- fabric-resource-loader-v0 3.3.4+4fc5413f3e
[21:20:55] [main/INFO]: |-- fabric-resource-loader-v1 1.0.10+78c8b4663e
[21:20:55] [main/INFO]: |-- fabric-screen-api-v1 3.1.7+4ebb5c083e
[21:20:55] [main/INFO]: |-- fabric-screen-handler-api-v1 1.3.162+4fc5413f3e
[21:20:55] [main/INFO]: |-- fabric-serialization-api-v1 1.0.5+4ebb5c083e
[21:20:55] [main/INFO]: |-- fabric-sound-api-v1 1.0.51+4fc5413f3e
[21:20:55] [main/INFO]: |-- fabric-tag-api-v1 1.2.20+4fc5413f3e
[21:20:55] [main/INFO]: |-- fabric-transfer-api-v1 6.0.25+4fc5413f3e
[21:20:55] [main/INFO]: \-- fabric-transitive-access-wideners-v1 7.1.0+014c8cec3e
[21:20:55] [main/INFO]: - fabricloader 0.19.3
[21:20:55] [main/INFO]: \-- mixinextras 0.5.4
[21:20:55] [main/INFO]: - ferritecore 8.2.0
[21:20:55] [main/INFO]: - jade 21.1.6+fabric
[21:20:55] [main/INFO]: - java 21
[21:20:55] [main/INFO]: - jei 27.4.0.22
[21:20:55] [main/INFO]: - minecraft 1.21.11
[21:20:55] [main/INFO]: - xaerominimap 26.1.0
[21:20:55] [main/INFO]: \-- xaerolib 1.1.15
[21:20:55] [main/INFO]: SpongePowered MIXIN Subsystem Version=0.8.7 Source=file:/server/libraries/net/fabricmc/sponge-mixin/0.17.3+mixin.0.8.7/sponge-mixin-0.17.3+mixin.0.8.7.jar Service=Knot/Fabric Env=SERVER
[21:20:55] [main/INFO]: Compatibility level set to JAVA_21
[21:20:56] [main/WARN]: Reference map 'xaerolib.refmap.json' for xaerolib.mixins.json could not be read. If this is a development environment you can ignore this message
[21:20:56] [main/WARN]: Reference map 'xaerominimap.refmap.json' for xaerohud.mixins.json could not be read. If this is a development environment you can ignore this message
[21:20:56] [main/WARN]: Reference map 'xaerominimap.refmap.json' for xaerohud.fabric.mixins.json could not be read. If this is a development environment you can ignore this message
[21:20:56] [main/WARN]: Reference map 'xaerominimap.refmap.json' for xaerominimap.mixins.json could not be read. If this is a development environment you can ignore this message
[21:20:56] [main/INFO]: Initializing MixinExtras via com.llamalad7.mixinextras.service.MixinExtrasServiceImpl(version=0.5.4).
[21:21:04] [main/INFO]: Registering common data for channel xaerolib:main!
[21:21:04] [main/INFO]: Loading primary common config for channel xaerolib:main!
[21:21:04] [main/INFO]: Loading server config profiles for channel xaerolib:main!
[21:21:04] [main/INFO]: Loading XaeroLib common 1/2!
[21:21:04] [main/INFO]: Loading XaeroLib server 1/2!
[21:21:04] [main/INFO]: Registering common data for channel xaerominimap:main!
[21:21:04] [main/INFO]: Loading primary common config for channel xaerominimap:main!
[21:21:04] [main/INFO]: Loading server config profiles for channel xaerominimap:main!
[21:21:04] [main/INFO]: Loading Xaero's Minimap - Stage 1/2 (Server)
[21:21:04] [main/INFO]: Environment: Environment[sessionHost=https://sessionserver.mojang.com, servicesHost=https://api.minecraftservices.com, profilesHost=https://api.mojang.com, name=PROD]
[21:21:07] [main/INFO]: Loaded 1470 recipes
[21:21:07] [main/INFO]: Loaded 1584 advancements
[21:21:07] [main/INFO]: Applied 0 biome modifications to 0 of 65 new biomes in 1.203 ms
[21:21:07] [Server thread/INFO]: Loading XaeroLib common 2/2!
[21:21:07] [Server thread/INFO]: Loading XaeroLib server 2/2!
[21:21:07] [Server thread/INFO]: Starting json RPC server on 0.0.0.0:9900
[21:21:07] [Server thread/INFO]: Json-RPC Management connection listening on 0.0.0.0:9900
[21:21:07] [Server thread/INFO]: Starting minecraft server version 1.21.11
[21:21:07] [Server thread/INFO]: Loading properties
[21:21:07] [Server thread/INFO]: Default game type: SURVIVAL
[21:21:07] [Server thread/INFO]: Generating keypair
[21:21:07] [Server thread/INFO]: Starting Minecraft server on *:11469
[21:21:07] [Server thread/WARN]: **** SERVER IS RUNNING IN OFFLINE/INSECURE MODE!
[21:21:07] [Server thread/WARN]: The server will make no attempt to authenticate usernames. Beware.
[21:21:07] [Server thread/WARN]: While this makes the game possible to play without internet access, it also opens up the ability for hackers to connect with any username they choose.
[21:21:07] [Server thread/WARN]: To change this, set "online-mode" to "true" in the server.properties file.
[21:21:07] [Server thread/INFO]: Preparing level "world"
[21:21:08] [Server thread/INFO]: Loading 0 persistent chunks...
[21:21:08] [Server thread/INFO]: Preparing spawn area: 100%
[21:21:08] [Server thread/INFO]: Time elapsed: 98 ms
[21:21:08] [Server thread/INFO]: Done (0.536s)! For help, type "help"
[21:21:08] [Server thread/INFO]: Starting GS4 status listener
[21:21:08] [Server thread/INFO]: Thread Query Listener started
[21:21:08] [Query Listener #1/INFO]: Query running on 0.0.0.0:9898
[21:21:08] [Server thread/INFO]: JMX monitoring enabled
[21:21:08] [Server thread/INFO]: Start loading plugin from Jade: snownee.jade.addon.core.CorePlugin
[21:21:08] [Server thread/INFO]: Start loading plugin from Jade: snownee.jade.addon.vanilla.VanillaPlugin
[21:21:08] [Server thread/INFO]: Start loading plugin from Jade: snownee.jade.addon.universal.UniversalPlugin
[21:21:08] [Server thread/INFO]: Start loading plugin from Jade: snownee.jade.addon.access.AccessibilityPlugin
[21:21:08] [Server thread/INFO]: Start loading plugin from Jade: snownee.jade.addon.debug.DebugPlugin
[21:21:08] [Server thread/INFO]: Loading Xaero's Minimap - Stage 2/2 (Server)
[21:22:08] [Server thread/INFO]: Server empty for 60 seconds, pausing
[21:25:21] [Server thread/INFO]: Stopping the server
[21:25:21] [Server thread/INFO]: Stopping server
[21:25:21] [Server thread/INFO]: Saving players
[21:25:21] [Server thread/INFO]: Saving worlds
[21:25:21] [Server thread/INFO]: Saving chunks for level 'ServerLevel[world]'/minecraft:overworld
[21:25:21] [Server thread/INFO]: Saving chunks for level 'ServerLevel[world]'/minecraft:the_end
[21:25:21] [Server thread/INFO]: Saving chunks for level 'ServerLevel[world]'/minecraft:the_nether
[21:25:21] [Server thread/INFO]: ThreadedAnvilChunkStorage (world): All chunks are saved
[21:25:21] [Server thread/INFO]: ThreadedAnvilChunkStorage (DIM1): All chunks are saved
[21:25:21] [Server thread/INFO]: ThreadedAnvilChunkStorage (DIM-1): All chunks are saved
[21:25:21] [Server thread/INFO]: ThreadedAnvilChunkStorage: All dimensions are saved
[21:25:21] [Server thread/INFO]: Thread Query Listener stopped
