[09:21:53] [main/INFO]: Loading Minecraft 1.21.11 with Fabric Loader 0.19.3
[09:21:53] [main/INFO]: Loading 46 mods:
[09:21:53] [main/INFO]: - fabric-api 0.141.4+1.21.11
[09:21:53] [main/INFO]: |-- fabric-api-base 1.0.5+4ebb5c083e
[09:21:53] [main/INFO]: |-- fabric-api-lookup-api-v1 1.6.114+20dc27073e
[09:21:53] [main/INFO]: |-- fabric-biome-api-v1 17.1.1+4fc5413f3e
[09:21:53] [main/INFO]: |-- fabric-block-api-v1 1.1.10+4ebb5c083e
[09:21:53] [main/INFO]: |-- fabric-block-view-api-v2 1.0.39+4ebb5c083e
[09:21:53] [main/INFO]: |-- fabric-command-api-v2 2.4.7+6b42a6003e
[09:21:53] [main/INFO]: |-- fabric-content-registries-v0 10.2.14+4fc5413f3e
[09:21:53] [main/INFO]: |-- fabric-convention-tags-v1 2.1.55+7f945d5b3e
[09:21:53] [main/INFO]: |-- fabric-convention-tags-v2 2.17.3+8ef948ba3e
[09:21:53] [main/INFO]: |-- fabric-crash-report-info-v1 0.3.23+4ebb5c083e
[09:21:53] [main/INFO]: |-- fabric-data-attachment-api-v1 1.8.48+eed0806f3e
[09:21:53] [main/INFO]: |-- fabric-data-generation-api-v1 23.4.1+69974c4e3e
[09:21:53] [main/INFO]: |-- fabric-dimensions-v1 4.0.28+4fc5413f3e
[09:21:53] [main/INFO]: |-- fabric-entity-events-v1 3.1.1+1d0ab4303e
[09:21:53] [main/INFO]: |-- fabric-events-interaction-v0 4.1.1+3b89ecf63e
[09:21:53] [main/INFO]: |-- fabric-game-rule-api-v1 2.0.3+4fc5413f3e
[09:21:53] [main/INFO]: |-- fabric-item-api-v1 11.5.20+d0c46b9e3e
[09:21:53] [main/INFO]: |-- fabric-item-group-api-v1 4.2.36+4fc5413f3e
[09:21:53] [main/INFO]: |-- fabric-key-binding-api-v1 1.1.7+4fc5413f3e
[09:21:53] [main/INFO]: |-- fabric-lifecycle-events-v1 2.6.15+4ebb5c083e
[09:21:53] [main/INFO]: |-- fabric-loot-api-v2 3.0.73+3f89f5a53e
[09:21:53] [main/INFO]: |-- fabric-loot-api-v3 2.0.20+78c8b4663e
[09:21:53] [main/INFO]: |-- fabric-message-api-v1 6.1.12+4ebb5c083e
[09:21:53] [main/INFO]: |-- fabric-model-loading-api-v1 6.0.15+4fc5413f3e
[09:21:53] [main/INFO]: |-- fabric-networking-api-v1 5.1.6+6b6d71a53e
[09:21:53] [main/INFO]: |-- fabric-object-builder-api-v1 21.1.40+4fc5413f3e
[09:21:53] [main/INFO]: |-- fabric-particles-v1 4.2.12+4fc5413f3e
[09:21:53] [main/INFO]: |-- fabric-recipe-api-v1 8.2.4+4ebb5c083e
[09:21:53] [main/INFO]: |-- fabric-registry-sync-v0 6.2.6+1718722b3e
[09:21:53] [main/INFO]: |-- fabric-renderer-api-v1 8.0.3+f4ffd2e53e
[09:21:53] [main/INFO]: |-- fabric-renderer-indigo 5.0.3+f4ffd2e53e
[09:21:53] [main/INFO]: |-- fabric-rendering-fluids-v1 3.1.43+4ebb5c083e
[09:21:53] [main/INFO]: |-- fabric-rendering-v1 16.2.10+0290ad933e
[09:21:53] [main/INFO]: |-- fabric-resource-conditions-api-v1 5.0.35+4fc5413f3e
[09:21:53] [main/INFO]: |-- fabric-resource-loader-v0 3.3.4+4fc5413f3e
[09:21:53] [main/INFO]: |-- fabric-resource-loader-v1 1.0.10+78c8b4663e
[09:21:53] [main/INFO]: |-- fabric-screen-api-v1 3.1.7+4ebb5c083e
[09:21:53] [main/INFO]: |-- fabric-screen-handler-api-v1 1.3.162+4fc5413f3e
[09:21:53] [main/INFO]: |-- fabric-serialization-api-v1 1.0.5+4ebb5c083e
[09:21:53] [main/INFO]: |-- fabric-sound-api-v1 1.0.51+4fc5413f3e
[09:21:53] [main/INFO]: |-- fabric-tag-api-v1 1.2.20+4fc5413f3e
[09:21:53] [main/INFO]: |-- fabric-transfer-api-v1 6.0.25+4fc5413f3e
[09:21:53] [main/INFO]: \-- fabric-transitive-access-wideners-v1 7.1.0+014c8cec3e
[09:21:53] [main/INFO]: - fabricloader 0.19.3
[09:21:53] [main/INFO]: \-- mixinextras 0.5.4
[09:21:53] [main/INFO]: - ferritecore 8.2.0
[09:21:53] [main/INFO]: - jade 21.1.6+fabric
[09:21:53] [main/INFO]: - java 21
[09:21:53] [main/INFO]: - jei 27.4.0.22
[09:21:53] [main/INFO]: - minecraft 1.21.11
[09:21:53] [main/INFO]: - xaerominimap 26.1.0
[09:21:53] [main/INFO]: \-- xaerolib 1.1.15
[09:21:53] [main/INFO]: SpongePowered MIXIN Subsystem Version=0.8.7 Source=file:/server/libraries/net/fabricmc/sponge-mixin/0.17.3+mixin.0.8.7/sponge-mixin-0.17.3+mixin.0.8.7.jar Service=Knot/Fabric Env=SERVER
[09:21:53] [main/INFO]: Compatibility level set to JAVA_21
[09:21:53] [main/WARN]: Reference map 'xaerolib.refmap.json' for xaerolib.mixins.json could not be read. If this is a development environment you can ignore this message
[09:21:53] [main/WARN]: Reference map 'xaerominimap.refmap.json' for xaerohud.mixins.json could not be read. If this is a development environment you can ignore this message
[09:21:53] [main/WARN]: Reference map 'xaerominimap.refmap.json' for xaerohud.fabric.mixins.json could not be read. If this is a development environment you can ignore this message
[09:21:53] [main/WARN]: Reference map 'xaerominimap.refmap.json' for xaerominimap.mixins.json could not be read. If this is a development environment you can ignore this message
[09:21:54] [main/INFO]: Initializing MixinExtras via com.llamalad7.mixinextras.service.MixinExtrasServiceImpl(version=0.5.4).
[09:22:01] [main/INFO]: Registering common data for channel xaerolib:main!
[09:22:01] [main/INFO]: Loading primary common config for channel xaerolib:main!
[09:22:01] [main/INFO]: Loading server config profiles for channel xaerolib:main!
[09:22:01] [main/INFO]: Loading XaeroLib common 1/2!
[09:22:01] [main/INFO]: Loading XaeroLib server 1/2!
[09:22:01] [main/INFO]: Registering common data for channel xaerominimap:main!
[09:22:01] [main/INFO]: Loading primary common config for channel xaerominimap:main!
[09:22:01] [main/INFO]: Loading server config profiles for channel xaerominimap:main!
[09:22:01] [main/INFO]: Loading Xaero's Minimap - Stage 1/2 (Server)
[09:22:01] [main/INFO]: Environment: Environment[sessionHost=https://sessionserver.mojang.com, servicesHost=https://api.minecraftservices.com, profilesHost=https://api.mojang.com, name=PROD]
[09:22:03] [main/INFO]: Loaded 1470 recipes
[09:22:03] [main/INFO]: Loaded 1584 advancements
[09:22:03] [main/INFO]: Applied 0 biome modifications to 0 of 65 new biomes in 1.165 ms
[09:22:03] [Server thread/INFO]: Loading XaeroLib common 2/2!
[09:22:03] [Server thread/INFO]: Loading XaeroLib server 2/2!
[09:22:03] [Server thread/INFO]: Starting json RPC server on 0.0.0.0:9900
[09:22:03] [Server thread/INFO]: Json-RPC Management connection listening on 0.0.0.0:9900
[09:22:03] [Server thread/INFO]: Starting minecraft server version 1.21.11
[09:22:03] [Server thread/INFO]: Loading properties
[09:22:03] [Server thread/INFO]: Default game type: SURVIVAL
[09:22:03] [Server thread/INFO]: Generating keypair
[09:22:04] [Server thread/INFO]: Starting Minecraft server on *:11469
[09:22:04] [Server thread/WARN]: **** SERVER IS RUNNING IN OFFLINE/INSECURE MODE!
[09:22:04] [Server thread/WARN]: The server will make no attempt to authenticate usernames. Beware.
[09:22:04] [Server thread/WARN]: While this makes the game possible to play without internet access, it also opens up the ability for hackers to connect with any username they choose.
[09:22:04] [Server thread/WARN]: To change this, set "online-mode" to "true" in the server.properties file.
[09:22:04] [Server thread/INFO]: Preparing level "world"
[09:22:04] [Server thread/INFO]: Loading 0 persistent chunks...
[09:22:04] [Server thread/INFO]: Time elapsed: 11 ms
[09:22:04] [Server thread/INFO]: Done (0.427s)! For help, type "help"
[09:22:04] [Server thread/INFO]: Starting GS4 status listener
[09:22:04] [Server thread/INFO]: Thread Query Listener started
[09:22:04] [Query Listener #1/INFO]: Query running on 0.0.0.0:9898
[09:22:04] [Server thread/INFO]: JMX monitoring enabled
[09:22:04] [Server thread/INFO]: Start loading plugin from Jade: snownee.jade.addon.core.CorePlugin
[09:22:04] [Server thread/INFO]: Start loading plugin from Jade: snownee.jade.addon.vanilla.VanillaPlugin
[09:22:04] [Server thread/INFO]: Start loading plugin from Jade: snownee.jade.addon.universal.UniversalPlugin
[09:22:04] [Server thread/INFO]: Start loading plugin from Jade: snownee.jade.addon.access.AccessibilityPlugin
[09:22:04] [Server thread/INFO]: Start loading plugin from Jade: snownee.jade.addon.debug.DebugPlugin
[09:22:04] [Server thread/INFO]: Loading Xaero's Minimap - Stage 2/2 (Server)
[09:23:04] [Server thread/INFO]: Server empty for 60 seconds, pausing
[09:23:28] [Server thread/INFO]: BC_U809[/**.**.**.**:53702] logged in with entity id 46 at (-3.5, 118.5625, -127.5)
[09:23:28] [Server thread/INFO]: BC_U809 joined the game
[09:24:31] [Server thread/INFO]: [BC_U809: Teleported BC_U809 to 138.500000, 76.500000, -251.500000]
[09:36:06] [Server thread/INFO]: BC_U809 lost connection: Disconnected
[09:36:06] [Server thread/INFO]: BC_U809 left the game
[09:36:22] [Server thread/INFO]: BC_U809[/**.**.**.**:53902] logged in with entity id 1692 at (89.36700155477526, 82.0, -75.55020860972922)
[09:36:22] [Server thread/INFO]: BC_U809 joined the game
[09:40:41] [Server thread/INFO]: BC_U809 was slain by Piglin
[09:40:48] [Server thread/INFO]: [BC_U809: Teleported BC_U809 to 138.500000, 76.500000, -251.500000]
[09:42:40] [Server thread/INFO]: [BC_U809: Teleported BC_U809 to -2.500000, 118.500000, -127.500000]
[09:42:54] [Server thread/INFO]: [BC_U809: Teleported BC_U809 to 138.500000, 76.500000, -251.500000]
[09:50:22] [Server thread/INFO]: [BC_U809: Set own game mode to Creative Mode]
[09:51:50] [Server thread/INFO]: [@: Killed 2 entities]
[09:52:26] [Server thread/INFO]: [BC_U809: Marked chunk [2, -3] in minecraft:the_nether to be force loaded]
[09:52:42] [Server thread/INFO]: [BC_U809: Set own game mode to Survival Mode]
[09:53:29] [Server thread/INFO]: [BC_U809: Set own game mode to Creative Mode]
[09:54:48] [Server thread/INFO]: [@: Killed Ghast]
[10:00:20] [Server thread/INFO]: [@: Killed Ghast]
[10:10:39] [Server thread/INFO]: [BC_U809: Set own game mode to Survival Mode]
[10:10:48] [Server thread/INFO]: [@: Killed Ghast]
[10:11:21] [Server thread/INFO]: [@: Killed Ghast]
[10:12:16] [Server thread/INFO]: [@: Killed 2 entities]
[10:19:26] [Server thread/INFO]: [@: Killed Ghast]
[10:19:37] [Server thread/INFO]: [@: Killed Ghast]
[10:19:55] [Server thread/INFO]: [@: Killed Ghast]
[10:22:11] [Server thread/INFO]: [@: Killed Ghast]
[10:23:50] [Server thread/INFO]: [@: Killed Ghast]
[10:27:18] [Server thread/INFO]: [@: Killed Ghast]
[10:28:54] [Server thread/INFO]: [@: Killed Ghast]
[10:29:45] [Server thread/INFO]: [@: Killed Ghast]
[10:34:46] [Server thread/INFO]: [BC_U809: Set own game mode to Creative Mode]
[10:35:23] [Server thread/INFO]: [BC_U809: Set own game mode to Survival Mode]
[10:36:12] [Server thread/INFO]: [BC_U809: Teleported BC_U809 to 14.500000, 83.500000, -36.500000]
[10:37:00] [Server thread/INFO]: [BC_U809: Marked chunk [8, -17] in minecraft:overworld to be force loaded]
[10:37:37] [Server thread/INFO]: [BC_U809: Teleported BC_U809 to -2.500000, 118.500000, -127.500000]
[10:38:02] [Server thread/INFO]: BC_U809 lost connection: Disconnected
[10:38:02] [Server thread/INFO]: BC_U809 left the game
[10:39:02] [Server thread/INFO]: Server empty for 60 seconds, pausing
[10:40:59] [Server thread/INFO]: Stopping the server
[10:40:59] [Server thread/INFO]: Stopping server
[10:40:59] [Server thread/INFO]: Saving players
[10:40:59] [Server thread/INFO]: Saving worlds
[10:40:59] [Server thread/INFO]: Saving chunks for level 'ServerLevel[world]'/minecraft:overworld
[10:40:59] [Server thread/INFO]: Saving chunks for level 'ServerLevel[world]'/minecraft:the_nether
[10:40:59] [Server thread/INFO]: Saving chunks for level 'ServerLevel[world]'/minecraft:the_end
[10:40:59] [Server thread/INFO]: ThreadedAnvilChunkStorage (world): All chunks are saved
[10:40:59] [Server thread/INFO]: ThreadedAnvilChunkStorage (DIM-1): All chunks are saved
[10:40:59] [Server thread/INFO]: ThreadedAnvilChunkStorage (DIM1): All chunks are saved
[10:40:59] [Server thread/INFO]: ThreadedAnvilChunkStorage: All dimensions are saved
[10:40:59] [Server thread/INFO]: Thread Query Listener stopped
